[debug] [2019-10-29T07:39:32.280Z] ----------------------------------------------------------------------
[debug] [2019-10-29T07:39:32.282Z] Command:       /Users/yuki.a.endo/.nodebrew/node/v10.16.3/bin/node /Users/yuki.a.endo/.nodebrew/current/bin/firebase serve
[debug] [2019-10-29T07:39:32.282Z] CLI Version:   7.6.1
[debug] [2019-10-29T07:39:32.282Z] Platform:      darwin
[debug] [2019-10-29T07:39:32.282Z] Node Version:  v10.16.3
[debug] [2019-10-29T07:39:32.283Z] Time:          Tue Oct 29 2019 16:39:32 GMT+0900 (GMT+09:00)
[debug] [2019-10-29T07:39:32.283Z] ----------------------------------------------------------------------
[debug] [2019-10-29T07:39:32.283Z] 
[debug] [2019-10-29T07:39:32.290Z] > command requires scopes: ["email","openid","https://www.googleapis.com/auth/cloudplatformprojects.readonly","https://www.googleapis.com/auth/firebase","https://www.googleapis.com/auth/cloud-platform"]
[debug] [2019-10-29T07:39:32.291Z] > authorizing via signed-in user
[debug] [2019-10-29T07:39:32.291Z] [iam] checking project kakeibo-46f55 for permissions ["firebase.projects.get"]
[debug] [2019-10-29T07:39:32.292Z] >>> HTTP REQUEST POST https://cloudresourcemanager.googleapis.com/v1/projects/kakeibo-46f55:testIamPermissions  

[debug] [2019-10-29T07:39:33.861Z] <<< HTTP RESPONSE 200
[debug] [2019-10-29T07:39:33.863Z] >>> HTTP REQUEST GET https://firebase.googleapis.com/v1beta1/projects/kakeibo-46f55  
 
[debug] [2019-10-29T07:39:34.512Z] <<< HTTP RESPONSE 200
[info] 
[info] === Serving from '/Users/yuki.a.endo/workspace/private/kakeibo'...
[info] 
[debug] [2019-10-29T07:39:34.518Z] >>> HTTP REQUEST GET https://firebase.googleapis.com/v1beta1/projects/kakeibo-46f55/webApps/-/config  
 
[warn] ⚠  Your requested "node" version "8" doesn't match your global version "10"
[info] ✔  functions: Emulator started at http://localhost:5001
[debug] [2019-10-29T07:39:35.386Z] <<< HTTP RESPONSE 200
[info] i  functions: Watching "/Users/yuki.a.endo/workspace/private/kakeibo/functions" for Cloud Functions...
[info] i  hosting: Serving hosting files from: public
[info] ✔  hosting: Local server: http://localhost:5000
[debug] [2019-10-29T07:39:35.629Z] [runtime-status] Functions runtime initialized. {"cwd":"/Users/yuki.a.endo/workspace/private/kakeibo/functions","node_version":"10.16.3"}
[debug] [2019-10-29T07:39:35.629Z] [runtime-status] Disabled runtime features: {"functions_config_helper":true,"network_filtering":true,"timeout":true,"memory_limiting":true,"admin_stubs":true} {}
[debug] [2019-10-29T07:39:35.632Z] [runtime-status] Resolved module firebase-admin {"declared":true,"installed":true,"version":"8.6.1","resolution":"/Users/yuki.a.endo/workspace/private/kakeibo/functions/node_modules/firebase-admin/lib/index.js"}
[debug] [2019-10-29T07:39:35.633Z] [runtime-status] Resolved module firebase-functions {"declared":true,"installed":true,"version":"3.3.0","resolution":"/Users/yuki.a.endo/workspace/private/kakeibo/functions/node_modules/firebase-functions/lib/index.js"}
[debug] [2019-10-29T07:39:35.634Z] [runtime-status] Resolved module firebase-functions {"declared":true,"installed":true,"version":"3.3.0","resolution":"/Users/yuki.a.endo/workspace/private/kakeibo/functions/node_modules/firebase-functions/lib/index.js"}
[info] i  functions[createData]: function ignored because the firestore emulator does not exist or is not running.
